[2016-05-12 15:41:40] Fatal Error - Unable to connect to database server. Is the credentials given in <b>config.php</b> correct ? <blockquote>SQLSTATE[HY000] [1045] Access denied for user ''@'localhost' (using password: NO)</blockquote>
[2016-05-12 15:41:40] 8 caused by /home/simsu/Other/projects/Web/Lobby/Web/includes/src/vendor/lobby/lobby/src/Lobby.php on line 476 : Use of undefined constant L_URL - assumed 'L_URL'
[2016-05-12 15:43:22] Fatal Error - Unable to connect to database server. Is the credentials given in <b>config.php</b> correct ? <blockquote>SQLSTATE[HY000] [1045] Access denied for user ''@'localhost' (using password: NO)</blockquote>
[2016-05-12 15:43:22] 8 caused by /home/simsu/Other/projects/Web/Lobby/Web/includes/src/vendor/lobby/lobby/src/Lobby.php on line 476 : Use of undefined constant L_URL - assumed 'L_URL'
[2016-05-12 15:43:54] Fatal Error - Unable to connect to database server. Is the credentials given in <b>config.php</b> correct ? <blockquote>SQLSTATE[HY000] [1045] Access denied for user ''@'localhost' (using password: NO)</blockquote>
[2016-05-12 15:48:38] Fatal Error - Unable to connect to database server. Is the credentials given in <b>config.php</b> correct ? <blockquote>SQLSTATE[HY000] [1045] Access denied for user ''@'localhost' (using password: NO)</blockquote>
[2016-05-12 15:48:38] 2 caused by /home/simsu/Other/projects/Web/Lobby/Web/includes/src/vendor/lobby/lobby/src/Lobby.php on line 159 : Cannot modify header information - headers already sent by (output started at /home/simsu/Other/projects/Web/Lobby/Web/includes/src/vendor/lobby/lobby/src/Lobby/DB.php:25)
[2016-05-12 15:50:19] 8 caused by /home/simsu/Other/projects/Web/Lobby/Web/contents/apps/lobby-server/src/inc/LobbyGit.php on line 16 : Use of undefined constant APP_DIR - assumed 'APP_DIR'
[2016-05-12 15:50:19] 8 caused by /home/simsu/Other/projects/Web/Lobby/Web/contents/apps/lobby-server/src/inc/LobbyGit.php on line 16 : Use of undefined constant APP_DIR - assumed 'APP_DIR'
[2016-05-12 15:50:35] 8 caused by /home/simsu/Other/projects/Web/Lobby/Web/contents/apps/lobby-server/src/inc/LobbyGit.php on line 16 : Use of undefined constant APP_DIR - assumed 'APP_DIR'
[2016-05-12 15:50:35] 8 caused by /home/simsu/Other/projects/Web/Lobby/Web/contents/apps/lobby-server/src/inc/LobbyGit.php on line 16 : Use of undefined constant APP_DIR - assumed 'APP_DIR'
[2016-05-12 15:51:10] 8 caused by /home/simsu/Other/projects/Web/Lobby/Web/contents/apps/lobby-server/src/inc/LobbyGit.php on line 16 : Use of undefined constant APP_DIR - assumed 'APP_DIR'
[2016-05-12 15:51:10] 8 caused by /home/simsu/Other/projects/Web/Lobby/Web/contents/apps/lobby-server/src/inc/LobbyGit.php on line 16 : Use of undefined constant APP_DIR - assumed 'APP_DIR'
[2016-05-12 15:53:33] 2 caused by /home/simsu/Other/projects/Web/Lobby/Web/includes/load.php on line 2 : session_start(): Cannot send session cache limiter - headers already sent (output started at /home/simsu/Other/projects/Web/Lobby/Web/services/update-apps.php:2)
[2016-05-12 15:53:33] 2 caused by /home/simsu/Other/projects/Web/Lobby/Web/includes/load.php on line 2 : session_start(): Cannot send session cache limiter - headers already sent (output started at /home/simsu/Other/projects/Web/Lobby/Web/services/update-apps.php:2)
[2016-05-12 15:54:21] 1 caused by /home/simsu/Other/projects/Web/Lobby/Web/contents/apps/lobby-server/src/inc/LobbyGit.php on line 26 : Uncaught PDOException: SQLSTATE[21S01]: Insert value list does not match column list: 1136 Column count doesn't match value count at row 1 in /home/simsu/Other/projects/Web/Lobby/Web/contents/apps/lobby-server/src/inc/LobbyGit.php:26
Stack trace:
#0 /home/simsu/Other/projects/Web/Lobby/Web/contents/apps/lobby-server/src/inc/LobbyGit.php(26): PDOStatement->execute(Array)
#1 /home/simsu/Other/projects/Web/Lobby/Web/services/update-apps.php(23): LobbyGit->register()
#2 {main}
  thrown
[2016-05-12 15:54:21] 1 caused by /home/simsu/Other/projects/Web/Lobby/Web/contents/apps/lobby-server/src/inc/LobbyGit.php on line 26 : Uncaught PDOException: SQLSTATE[21S01]: Insert value list does not match column list: 1136 Column count doesn't match value count at row 1 in /home/simsu/Other/projects/Web/Lobby/Web/contents/apps/lobby-server/src/inc/LobbyGit.php:26
Stack trace:
#0 /home/simsu/Other/projects/Web/Lobby/Web/contents/apps/lobby-server/src/inc/LobbyGit.php(26): PDOStatement->execute(Array)
#1 /home/simsu/Other/projects/Web/Lobby/Web/services/update-apps.php(23): LobbyGit->register()
#2 {main}
  thrown
[2016-05-12 15:54:48] 1 caused by /home/simsu/Other/projects/Web/Lobby/Web/contents/apps/lobby-server/src/inc/LobbyGit.php on line 26 : Uncaught PDOException: SQLSTATE[21S01]: Insert value list does not match column list: 1136 Column count doesn't match value count at row 1 in /home/simsu/Other/projects/Web/Lobby/Web/contents/apps/lobby-server/src/inc/LobbyGit.php:26
Stack trace:
#0 /home/simsu/Other/projects/Web/Lobby/Web/contents/apps/lobby-server/src/inc/LobbyGit.php(26): PDOStatement->execute(Array)
#1 /home/simsu/Other/projects/Web/Lobby/Web/services/update-apps.php(23): LobbyGit->register()
#2 {main}
  thrown
[2016-05-12 15:54:48] 1 caused by /home/simsu/Other/projects/Web/Lobby/Web/contents/apps/lobby-server/src/inc/LobbyGit.php on line 26 : Uncaught PDOException: SQLSTATE[21S01]: Insert value list does not match column list: 1136 Column count doesn't match value count at row 1 in /home/simsu/Other/projects/Web/Lobby/Web/contents/apps/lobby-server/src/inc/LobbyGit.php:26
Stack trace:
#0 /home/simsu/Other/projects/Web/Lobby/Web/contents/apps/lobby-server/src/inc/LobbyGit.php(26): PDOStatement->execute(Array)
#1 /home/simsu/Other/projects/Web/Lobby/Web/services/update-apps.php(23): LobbyGit->register()
#2 {main}
  thrown
[2016-05-12 15:56:29] 1 caused by /home/simsu/Other/projects/Web/Lobby/Web/contents/apps/lobby-server/src/inc/LobbyGit.php on line 145 : Uncaught UnexpectedValueException: RecursiveDirectoryIterator::__construct(/home/simsu/Other/projects/Web/Lobby/Web/contents/apps/lobby-server/src/data/git-cache/sige): failed to open dir: No such file or directory in /home/simsu/Other/projects/Web/Lobby/Web/contents/apps/lobby-server/src/inc/LobbyGit.php:145
Stack trace:
#0 /home/simsu/Other/projects/Web/Lobby/Web/contents/apps/lobby-server/src/inc/LobbyGit.php(145): RecursiveDirectoryIterator->__construct('/home/simsu/Oth...', 4096)
#1 /home/simsu/Other/projects/Web/Lobby/Web/contents/apps/lobby-server/src/inc/LobbyGit.php(48): LobbyGit->recursiveRemoveDirectory('/home/simsu/Oth...')
#2 /home/simsu/Other/projects/Web/Lobby/Web/contents/apps/lobby-server/src/inc/LobbyGit.php(27): LobbyGit->getRepo()
#3 /home/simsu/Other/projects/Web/Lobby/Web/services/update-apps.php(23): LobbyGit->register()
#4 {main}
  thrown
[2016-05-12 15:56:29] 1 caused by /home/simsu/Other/projects/Web/Lobby/Web/contents/apps/lobby-server/src/inc/LobbyGit.php on line 145 : Uncaught UnexpectedValueException: RecursiveDirectoryIterator::__construct(/home/simsu/Other/projects/Web/Lobby/Web/contents/apps/lobby-server/src/data/git-cache/sige): failed to open dir: No such file or directory in /home/simsu/Other/projects/Web/Lobby/Web/contents/apps/lobby-server/src/inc/LobbyGit.php:145
Stack trace:
#0 /home/simsu/Other/projects/Web/Lobby/Web/contents/apps/lobby-server/src/inc/LobbyGit.php(145): RecursiveDirectoryIterator->__construct('/home/simsu/Oth...', 4096)
#1 /home/simsu/Other/projects/Web/Lobby/Web/contents/apps/lobby-server/src/inc/LobbyGit.php(48): LobbyGit->recursiveRemoveDirectory('/home/simsu/Oth...')
#2 /home/simsu/Other/projects/Web/Lobby/Web/contents/apps/lobby-server/src/inc/LobbyGit.php(27): LobbyGit->getRepo()
#3 /home/simsu/Other/projects/Web/Lobby/Web/services/update-apps.php(23): LobbyGit->register()
#4 {main}
  thrown
[2016-05-12 15:59:26] 2 caused by /home/simsu/Other/projects/Web/Lobby/Web/contents/apps/lobby-server/src/inc/LobbyGit.php on line 95 : file_get_contents(/home/simsu/Other/projects/Web/Lobby/Web/contents/apps/lobby-server/src/data/git-cache/site-compressor/logo.png): failed to open stream: No such file or directory
[2016-05-12 15:59:26] 2 caused by /home/simsu/Other/projects/Web/Lobby/Web/contents/apps/lobby-server/src/inc/LobbyGit.php on line 95 : file_get_contents(/home/simsu/Other/projects/Web/Lobby/Web/contents/apps/lobby-server/src/data/git-cache/site-compressor/logo.png): failed to open stream: No such file or directory
[2016-05-12 16:09:42] 1 caused by /home/simsu/Other/projects/Web/Lobby/Web/contents/apps/lobby-server/src/inc/vendor/gitonomy/gitlib/src/Gitonomy/Git/Admin.php on line 138 : Uncaught Gitonomy\Git\Exception\RuntimeException: Error while initializing repository: fatal: destination path '/home/simsu/Other/projects/Web/Lobby/Web/contents/apps/lobby-server/src/data/git-cache/site-compressor' already exists and is not an empty directory.
 in /home/simsu/Other/projects/Web/Lobby/Web/contents/apps/lobby-server/src/inc/vendor/gitonomy/gitlib/src/Gitonomy/Git/Admin.php:138
Stack trace:
#0 /home/simsu/Other/projects/Web/Lobby/Web/contents/apps/lobby-server/src/inc/vendor/gitonomy/gitlib/src/Gitonomy/Git/Admin.php(83): Gitonomy\Git\Admin::cloneRepository('/home/simsu/Oth...', 'https://github....', Array, Array)
#1 /home/simsu/Other/projects/Web/Lobby/Web/contents/apps/lobby-server/src/inc/LobbyGit.php(48): Gitonomy\Git\Admin::cloneTo('/home/simsu/Oth...', 'https://github....', false)
#2 /home/simsu/Other/projects/Web/Lobby/Web/contents/apps/lobby-server/src/inc/LobbyGit.php(27): LobbyGit->getRepo()
#3 /home/simsu/Other/projects/Web/Lobby/Web/services/update-apps.php(23): LobbyGit->register()
[2016-05-12 16:09:42] 1 caused by /home/simsu/Other/projects/Web/Lobby/Web/contents/apps/lobby-server/src/inc/vendor/gitonomy/gitlib/src/Gitonomy/Git/Admin.php on line 138 : Uncaught Gitonomy\Git\Exception\RuntimeException: Error while initializing repository: fatal: destination path '/home/simsu/Other/projects/Web/Lobby/Web/contents/apps/lobby-server/src/data/git-cache/site-compressor' already exists and is not an empty directory.
 in /home/simsu/Other/projects/Web/Lobby/Web/contents/apps/lobby-server/src/inc/vendor/gitonomy/gitlib/src/Gitonomy/Git/Admin.php:138
Stack trace:
#0 /home/simsu/Other/projects/Web/Lobby/Web/contents/apps/lobby-server/src/inc/vendor/gitonomy/gitlib/src/Gitonomy/Git/Admin.php(83): Gitonomy\Git\Admin::cloneRepository('/home/simsu/Oth...', 'https://github....', Array, Array)
#1 /home/simsu/Other/projects/Web/Lobby/Web/contents/apps/lobby-server/src/inc/LobbyGit.php(48): Gitonomy\Git\Admin::cloneTo('/home/simsu/Oth...', 'https://github....', false)
#2 /home/simsu/Other/projects/Web/Lobby/Web/contents/apps/lobby-server/src/inc/LobbyGit.php(27): LobbyGit->getRepo()
#3 /home/simsu/Other/projects/Web/Lobby/Web/services/update-apps.php(23): LobbyGit->register()
[2016-05-13 04:12:00] 1 caused by /home/simsu/Other/projects/Web/Lobby/Web/contents/apps/lobby-server/src/inc/LobbyGit.php on line 143 : Uncaught UnexpectedValueException: RecursiveDirectoryIterator::__construct(/home/simsu/Other/projects/Web/Lobby/Web/contents/apps/lobby-server/src/data/git-cache/test-ledit): failed to open dir: No such file or directory in /home/simsu/Other/projects/Web/Lobby/Web/contents/apps/lobby-server/src/inc/LobbyGit.php:143
Stack trace:
#0 /home/simsu/Other/projects/Web/Lobby/Web/contents/apps/lobby-server/src/inc/LobbyGit.php(143): RecursiveDirectoryIterator->__construct('/home/simsu/Oth...', 4096)
#1 /home/simsu/Other/projects/Web/Lobby/Web/contents/apps/lobby-server/src/inc/LobbyGit.php(111): LobbyGit->recursiveRemoveDirectory('/home/simsu/Oth...')
#2 /home/simsu/Other/projects/Web/Lobby/Web/contents/apps/lobby-server/src/inc/LobbyGit.php(27): LobbyGit->getRepo()
#3 /home/simsu/Other/projects/Web/Lobby/Web/services/cron/update-apps.php(21): LobbyGit->register()
#4 {main}
  thrown
[2016-05-13 04:12:00] 1 caused by /home/simsu/Other/projects/Web/Lobby/Web/contents/apps/lobby-server/src/inc/LobbyGit.php on line 143 : Uncaught UnexpectedValueException: RecursiveDirectoryIterator::__construct(/home/simsu/Other/projects/Web/Lobby/Web/contents/apps/lobby-server/src/data/git-cache/test-ledit): failed to open dir: No such file or directory in /home/simsu/Other/projects/Web/Lobby/Web/contents/apps/lobby-server/src/inc/LobbyGit.php:143
Stack trace:
#0 /home/simsu/Other/projects/Web/Lobby/Web/contents/apps/lobby-server/src/inc/LobbyGit.php(143): RecursiveDirectoryIterator->__construct('/home/simsu/Oth...', 4096)
#1 /home/simsu/Other/projects/Web/Lobby/Web/contents/apps/lobby-server/src/inc/LobbyGit.php(111): LobbyGit->recursiveRemoveDirectory('/home/simsu/Oth...')
#2 /home/simsu/Other/projects/Web/Lobby/Web/contents/apps/lobby-server/src/inc/LobbyGit.php(27): LobbyGit->getRepo()
#3 /home/simsu/Other/projects/Web/Lobby/Web/services/cron/update-apps.php(21): LobbyGit->register()
#4 {main}
  thrown
[2016-05-13 04:23:15] 1 caused by /home/simsu/Other/projects/Web/Lobby/Web/contents/apps/lobby-server/src/inc/LobbyGit.php on line 27 : Uncaught PDOException: SQLSTATE[21S01]: Insert value list does not match column list: 1136 Column count doesn't match value count at row 1 in /home/simsu/Other/projects/Web/Lobby/Web/contents/apps/lobby-server/src/inc/LobbyGit.php:27
Stack trace:
#0 /home/simsu/Other/projects/Web/Lobby/Web/contents/apps/lobby-server/src/inc/LobbyGit.php(27): PDOStatement->execute(Array)
#1 /home/simsu/Other/projects/Web/Lobby/Web/services/cron/update-apps.php(22): LobbyGit->register()
#2 {main}
  thrown
[2016-05-13 04:23:15] 1 caused by /home/simsu/Other/projects/Web/Lobby/Web/contents/apps/lobby-server/src/inc/LobbyGit.php on line 27 : Uncaught PDOException: SQLSTATE[21S01]: Insert value list does not match column list: 1136 Column count doesn't match value count at row 1 in /home/simsu/Other/projects/Web/Lobby/Web/contents/apps/lobby-server/src/inc/LobbyGit.php:27
Stack trace:
#0 /home/simsu/Other/projects/Web/Lobby/Web/contents/apps/lobby-server/src/inc/LobbyGit.php(27): PDOStatement->execute(Array)
#1 /home/simsu/Other/projects/Web/Lobby/Web/services/cron/update-apps.php(22): LobbyGit->register()
#2 {main}
  thrown
[2016-05-13 04:23:54] 1 caused by /home/simsu/Other/projects/Web/Lobby/Web/contents/apps/lobby-server/src/inc/LobbyGit.php on line 27 : Uncaught PDOException: SQLSTATE[23000]: Integrity constraint violation: 1048 Column 'git_url' cannot be null in /home/simsu/Other/projects/Web/Lobby/Web/contents/apps/lobby-server/src/inc/LobbyGit.php:27
Stack trace:
#0 /home/simsu/Other/projects/Web/Lobby/Web/contents/apps/lobby-server/src/inc/LobbyGit.php(27): PDOStatement->execute(Array)
#1 /home/simsu/Other/projects/Web/Lobby/Web/services/cron/update-apps.php(22): LobbyGit->register()
#2 {main}
  thrown
[2016-05-13 04:23:54] 1 caused by /home/simsu/Other/projects/Web/Lobby/Web/contents/apps/lobby-server/src/inc/LobbyGit.php on line 27 : Uncaught PDOException: SQLSTATE[23000]: Integrity constraint violation: 1048 Column 'git_url' cannot be null in /home/simsu/Other/projects/Web/Lobby/Web/contents/apps/lobby-server/src/inc/LobbyGit.php:27
Stack trace:
#0 /home/simsu/Other/projects/Web/Lobby/Web/contents/apps/lobby-server/src/inc/LobbyGit.php(27): PDOStatement->execute(Array)
#1 /home/simsu/Other/projects/Web/Lobby/Web/services/cron/update-apps.php(22): LobbyGit->register()
#2 {main}
  thrown
[2016-05-13 15:56:47] 2 caused by /home/simsu/Other/projects/Web/Lobby/Web/contents/apps/lobby-server/src/inc/LobbyGit.php on line 102 : file_get_contents(/home/simsu/Other/projects/Web/Lobby/Web/contents/apps/lobby-server/src/data/git-cache/downloader/logo.png): failed to open stream: No such file or directory
[2016-05-13 15:56:47] 2 caused by /home/simsu/Other/projects/Web/Lobby/Web/contents/apps/lobby-server/src/inc/LobbyGit.php on line 102 : file_get_contents(/home/simsu/Other/projects/Web/Lobby/Web/contents/apps/lobby-server/src/data/git-cache/downloader/logo.png): failed to open stream: No such file or directory
[2016-05-13 17:22:43] 8 caused by /home/simsu/Other/projects/Web/Lobby/Web/contents/apps/lobby-server/src/inc/LobbyStats.php on line 11 : Undefined variable: uniqueID
[2016-05-13 17:22:43] 8 caused by /home/simsu/Other/projects/Web/Lobby/Web/contents/apps/lobby-server/src/inc/LobbyStats.php on line 11 : Undefined variable: uniqueID
[2016-05-13 17:22:50] 8 caused by /home/simsu/Other/projects/Web/Lobby/Web/contents/apps/lobby-server/src/inc/LobbyStats.php on line 11 : Undefined variable: uniqueID
[2016-05-13 17:22:50] 8 caused by /home/simsu/Other/projects/Web/Lobby/Web/contents/apps/lobby-server/src/inc/LobbyStats.php on line 11 : Undefined variable: uniqueID
[2016-05-13 17:31:07] 8 caused by /home/simsu/Other/projects/Web/Lobby/Web/contents/apps/lobby-server/src/page/api.php on line 159 : Undefined variable: git_url
[2016-05-13 17:31:07] 8 caused by /home/simsu/Other/projects/Web/Lobby/Web/contents/apps/lobby-server/src/page/api.php on line 159 : Undefined variable: git_url
[2016-05-15 06:19:04] 64 caused by /home/simsu/Other/projects/Web/Lobby/Web/contents/apps/lobby-server/src/page/admin/new-app.php on line 72 : require_once(): Failed opening required '/home/simsu/Other/projects/Web/Lobby/Web/includes/src/App.php' (include_path='.:/usr/share/php')
[2016-05-15 06:19:04] 64 caused by /home/simsu/Other/projects/Web/Lobby/Web/contents/apps/lobby-server/src/page/admin/new-app.php on line 72 : require_once(): Failed opening required '/home/simsu/Other/projects/Web/Lobby/Web/includes/src/App.php' (include_path='.:/usr/share/php')
[2016-05-15 06:19:25] 2 caused by /home/simsu/Other/projects/Web/Lobby/Web/contents/apps/lobby-server/src/page/admin/new-app.php on line 81 : Invalid argument supplied for foreach()
[2016-05-15 06:19:25] 2 caused by /home/simsu/Other/projects/Web/Lobby/Web/contents/apps/lobby-server/src/page/admin/new-app.php on line 81 : Invalid argument supplied for foreach()
[2016-05-16 18:39:59] 1 caused by /home/simsu/Other/projects/Web/Lobby/Web/contents/apps/lobby-server/src/inc/LobbyGit.php on line 183 : Uncaught PDOException: SQLSTATE[42000]: Syntax error or access violation: 1064 You have an error in your SQL syntax; check the manual that corresponds to your MySQL server version for the right syntax to use near '=> '//i.imgur.com/dAFvGzDl.png' WHERE `id` = 'downloader'' at line 1 in /home/simsu/Other/projects/Web/Lobby/Web/contents/apps/lobby-server/src/inc/LobbyGit.php:183
Stack trace:
#0 /home/simsu/Other/projects/Web/Lobby/Web/contents/apps/lobby-server/src/inc/LobbyGit.php(183): PDOStatement->execute(Array)
#1 /home/simsu/Other/projects/Web/Lobby/Web/contents/apps/lobby-server/src/inc/LobbyGit.php(40): LobbyGit->getRepo()
#2 /home/simsu/Other/projects/Web/Lobby/Web/contents/apps/lobby-server/src/inc/LobbyGit.php(58): LobbyGit->register()
#3 /home/simsu/Other/projects/Web/Lobby/Web/services/cron/update-apps.php(24): LobbyGit->update()
#4 {main}
  thrown
[2016-05-16 18:39:59] 1 caused by /home/simsu/Other/projects/Web/Lobby/Web/contents/apps/lobby-server/src/inc/LobbyGit.php on line 183 : Uncaught PDOException: SQLSTATE[42000]: Syntax error or access violation: 1064 You have an error in your SQL syntax; check the manual that corresponds to your MySQL server version for the right syntax to use near '=> '//i.imgur.com/dAFvGzDl.png' WHERE `id` = 'downloader'' at line 1 in /home/simsu/Other/projects/Web/Lobby/Web/contents/apps/lobby-server/src/inc/LobbyGit.php:183
Stack trace:
#0 /home/simsu/Other/projects/Web/Lobby/Web/contents/apps/lobby-server/src/inc/LobbyGit.php(183): PDOStatement->execute(Array)
#1 /home/simsu/Other/projects/Web/Lobby/Web/contents/apps/lobby-server/src/inc/LobbyGit.php(40): LobbyGit->getRepo()
#2 /home/simsu/Other/projects/Web/Lobby/Web/contents/apps/lobby-server/src/inc/LobbyGit.php(58): LobbyGit->register()
#3 /home/simsu/Other/projects/Web/Lobby/Web/services/cron/update-apps.php(24): LobbyGit->update()
#4 {main}
  thrown
[2016-05-17 07:21:53] 4096 caused by /home/simsu/Other/projects/Web/Lobby/Web/contents/apps/lobby-server/src/inc/LobbyGit.php on line 193 : Object of class stdClass could not be converted to string
[2016-05-17 07:21:53] 4096 caused by /home/simsu/Other/projects/Web/Lobby/Web/contents/apps/lobby-server/src/inc/LobbyGit.php on line 193 : Object of class stdClass could not be converted to string
[2016-06-05 08:01:17] 2 caused by /home/simsu/Other/projects/Web/Lobby/Web/contents/apps/lobby-server/src/page/mods.php on line 43 : file_get_contents(): Filename cannot be empty
[2016-06-05 08:01:17] 2 caused by /home/simsu/Other/projects/Web/Lobby/Web/contents/apps/lobby-server/src/page/mods.php on line 43 : file_get_contents(): Filename cannot be empty
[2016-06-05 08:40:06] 2 caused by /home/simsu/Other/projects/Web/Lobby/Web/contents/apps/lobby-server/src/page/docs.php on line 11 : fread(): Length parameter must be greater than 0
[2016-06-05 08:40:06] 2 caused by /home/simsu/Other/projects/Web/Lobby/Web/contents/apps/lobby-server/src/page/docs.php on line 11 : fread(): Length parameter must be greater than 0
